#
# There is insufficient memory for the Java Runtime Environment to continue.
# Native memory allocation (malloc) failed to allocate 798576 bytes for Chunk::new
# Possible reasons:
#   The system is out of physical RAM or swap space
#   The process is running with CompressedOops enabled, and the Java Heap may be blocking the growth of the native heap
# Possible solutions:
#   Reduce memory load on the system
#   Increase physical memory or swap space
#   Check if swap backing store is full
#   Decrease Java heap size (-Xmx/-Xms)
#   Decrease number of Java threads
#   Decrease Java thread stack sizes (-Xss)
#   Set larger code cache with -XX:ReservedCodeCacheSize=
#   JVM is running with Unscaled Compressed Oops mode in which the Java heap is
#     placed in the first 4GB address space. The Java Heap base address is the
#     maximum limit for the native heap growth. Please use -XX:HeapBaseMinAddress
#     to set the Java Heap base and to place the Java Heap above 4GB virtual address.
# This output file may be truncated or incomplete.
#
#  Out of Memory Error (allocation.cpp:389), pid=7756, tid=0x00000000000062b4
#
# JRE version: Java(TM) SE Runtime Environment (8.0_202-b08) (build 1.8.0_202-b08)
# Java VM: Java HotSpot(TM) 64-Bit Server VM (25.202-b08 mixed mode windows-amd64 compressed oops)
# Failed to write core dump. Minidumps are not enabled by default on client versions of Windows
#

---------------  T H R E A D  ---------------

Current thread (0x0000000019ffc000):  JavaThread "C2 CompilerThread0" daemon [_thread_in_native, id=25268, stack(0x000000001b500000,0x000000001b600000)]

Stack: [0x000000001b500000,0x000000001b600000]
[error occurred during error reporting (printing stack bounds), id 0xc0000005]

Native frames: (J=compiled Java code, j=interpreted, Vv=VM code, C=native code)


Current CompileTask:
C2:  21085 11258       4       org.jetbrains.kotlin.parsing.AbstractKotlinParsing::atSet (113 bytes)


---------------  P R O C E S S  ---------------

Java Threads: ( => current thread )
  0x00000000220c2800 JavaThread "Cache worker for kotlin-dsl (C:\Users\wudel\.gradle\caches\7.2\kotlin-dsl)" [_thread_blocked, id=16744, stack(0x0000000023ac0000,0x0000000023bc0000)]
  0x000000001bc12800 JavaThread "Cache worker for execution history cache (C:\Users\wudel\.gradle\caches\7.2\executionHistory)" [_thread_blocked, id=4572, stack(0x00000000231b0000,0x00000000232b0000)]
  0x000000001bc11800 JavaThread "Cache worker for cache directory md-rule (C:\Users\wudel\.gradle\caches\7.2\md-rule)" [_thread_blocked, id=15408, stack(0x00000000230b0000,0x00000000231b0000)]
  0x000000001bc13000 JavaThread "Cache worker for cache directory md-supplier (C:\Users\wudel\.gradle\caches\7.2\md-supplier)" [_thread_blocked, id=2960, stack(0x0000000021d30000,0x0000000021e30000)]
  0x000000001bc10000 JavaThread "Cache worker for checksums cache (D:\AndroidDevelop\android_template\.gradle\checksums)" [_thread_blocked, id=24892, stack(0x0000000021c30000,0x0000000021d30000)]
  0x000000001bc11000 JavaThread "File watcher consumer" daemon [_thread_blocked, id=3824, stack(0x0000000022fb0000,0x00000000230b0000)]
  0x000000001bc0c800 JavaThread "File watcher server" daemon [_thread_in_native, id=8572, stack(0x0000000022eb0000,0x0000000022fb0000)]
  0x000000001bc0e800 JavaThread "Cache worker for file hash cache (D:\AndroidDevelop\android_template\.gradle\7.2\fileHashes)" [_thread_blocked, id=16348, stack(0x000000001f650000,0x000000001f750000)]
  0x000000001bc0f800 JavaThread "Cache worker for file hash cache (C:\Users\wudel\.gradle\caches\7.2\fileHashes)" [_thread_blocked, id=25512, stack(0x000000001f790000,0x000000001f890000)]
  0x000000001bc0e000 JavaThread "File lock request listener" [_thread_in_native, id=9352, stack(0x000000001f550000,0x000000001f650000)]
  0x000000001bc0d000 JavaThread "Cache worker for journal cache (C:\Users\wudel\.gradle\caches\journal-1)" [_thread_blocked, id=7692, stack(0x000000001f450000,0x000000001f550000)]
  0x000000001d8ab800 JavaThread "Daemon client event forwarder" [_thread_blocked, id=6960, stack(0x000000001f150000,0x000000001f250000)]
  0x000000001d8a6800 JavaThread "Stdin handler" [_thread_blocked, id=19080, stack(0x000000001f050000,0x000000001f150000)]
  0x000000001d8a5000 JavaThread "Asynchronous log dispatcher for DefaultDaemonConnection: socket connection from /127.0.0.1:65204 to /127.0.0.1:65205" [_thread_blocked, id=18784, stack(0x000000001ef50000,0x000000001f050000)]
  0x000000001d8a0000 JavaThread "Daemon worker" [_thread_in_Java, id=21416, stack(0x000000001ee50000,0x000000001ef50000)]
  0x000000001d89f800 JavaThread "Cancel handler" [_thread_blocked, id=23756, stack(0x000000001ed50000,0x000000001ee50000)]
  0x000000001d841000 JavaThread "Handler for socket connection from /127.0.0.1:65204 to /127.0.0.1:65205" [_thread_in_native, id=1932, stack(0x000000001eb50000,0x000000001ec50000)]
  0x000000001d834800 JavaThread "Daemon" [_thread_blocked, id=24160, stack(0x000000001ea50000,0x000000001eb50000)]
  0x000000001d7ad800 JavaThread "Daemon periodic checks" [_thread_blocked, id=19204, stack(0x000000001e750000,0x000000001e850000)]
  0x000000001d7f0000 JavaThread "Incoming local TCP Connector on port 65204" [_thread_in_native, id=9516, stack(0x000000001e5a0000,0x000000001e6a0000)]
  0x000000001d57c800 JavaThread "Daemon health stats" [_thread_blocked, id=5744, stack(0x000000001e4a0000,0x000000001e5a0000)]
  0x000000001a08c800 JavaThread "Service Thread" daemon [_thread_blocked, id=23372, stack(0x000000001b900000,0x000000001ba00000)]
  0x000000001a005800 JavaThread "C1 CompilerThread3" daemon [_thread_in_native, id=24316, stack(0x000000001b800000,0x000000001b900000)]
  0x000000001a004800 JavaThread "C2 CompilerThread2" daemon [_thread_in_native, id=9532, stack(0x000000001b700000,0x000000001b800000)]
  0x000000001a002000 JavaThread "C2 CompilerThread1" daemon [_thread_in_native, id=3872, stack(0x000000001b600000,0x000000001b700000)]
=>0x0000000019ffc000 JavaThread "C2 CompilerThread0" daemon [_thread_in_native, id=25268, stack(0x000000001b500000,0x000000001b600000)]
  0x0000000019fa7000 JavaThread "Attach Listener" daemon [_thread_blocked, id=18968, stack(0x000000001b400000,0x000000001b500000)]
  0x0000000019fa6000 JavaThread "Signal Dispatcher" daemon [_thread_blocked, id=1364, stack(0x000000001b300000,0x000000001b400000)]
  0x00000000188b6800 JavaThread "Finalizer" daemon [_thread_blocked, id=19856, stack(0x000000001b200000,0x000000001b300000)]
  0x0000000019f83000 JavaThread "Reference Handler" daemon [_thread_blocked, id=4064, stack(0x000000001b100000,0x000000001b200000)]
  0x0000000003543800 JavaThread "main" [_thread_blocked, id=9416, stack(0x0000000003010000,0x0000000003110000)]

Other Threads:
  0x00000000188a5800 VMThread [stack: 0x000000001b000000,0x000000001b100000] [id=6436]
  0x000000001a0a2000 WatcherThread [stack: 0x000000001ba00000,0x000000001bb00000] [id=1912]

VM state:not at safepoint (normal execution)

VM Mutex/Monitor currently owned by a thread: None

heap address: 0x0000000080000000, size: 2048 MB, Compressed Oops mode: 32-bit
Narrow klass base: 0x0000000000000000, Narrow klass shift: 3
Compressed class space size: 1073741824 Address: 0x0000000100000000

Heap:
 PSYoungGen      total 680960K, used 345795K [0x00000000d5580000, 0x0000000100000000, 0x0000000100000000)
  eden space 664576K, 52% used [0x00000000d5580000,0x00000000ea730ed8,0x00000000fde80000)
  from space 16384K, 0% used [0x00000000fde80000,0x00000000fde80000,0x00000000fee80000)
  to   space 17920K, 0% used [0x00000000fee80000,0x00000000fee80000,0x0000000100000000)
 ParOldGen       total 277504K, used 78100K [0x0000000080000000, 0x0000000090f00000, 0x00000000d5580000)
  object space 277504K, 28% used [0x0000000080000000,0x0000000084c45158,0x0000000090f00000)
 Metaspace       used 70588K, capacity 72378K, committed 72960K, reserved 1112064K
  class space    used 8962K, capacity 9377K, committed 9472K, reserved 1048576K

Card table byte_map: [0x0000000012a00000,0x0000000012e10000] byte_map_base: 0x0000000012600000

Marking Bits: (ParMarkBitMap*) 0x000000005ca65ce0
 Begin Bits: [0x0000000013ac0000, 0x0000000015ac0000)
 End Bits:   [0x0000000015ac0000, 0x0000000017ac0000)

Polling page: 0x00000000017a0000

CodeCache: size=245760Kb used=41744Kb max_used=41744Kb free=204015Kb
 bounds [0x0000000003640000, 0x0000000005f30000, 0x0000000012640000]
 total_blobs=9995 nmethods=9378 adapters=527
 compilation: enabled

Compilation events (10 events):
Event: 21.080 Thread 0x000000001a005800 nmethod 11280 0x0000000005f24c50 code [0x0000000005f25000, 0x0000000005f27068]
Event: 21.081 Thread 0x000000001a005800 11281       3       org.jetbrains.kotlin.types.checker.SimpleClassicTypeSystemContext::isProjectionNotNull (6 bytes)
Event: 21.081 Thread 0x000000001a005800 nmethod 11281 0x0000000005f28410 code [0x0000000005f28580, 0x0000000005f28708]
Event: 21.082 Thread 0x000000001a005800 11282       3       kotlin.collections.IntIterator::next (5 bytes)
Event: 21.082 Thread 0x000000001a005800 nmethod 11282 0x0000000005f28790 code [0x0000000005f28900, 0x0000000005f28c18]
Event: 21.082 Thread 0x000000001a005800 11284       3       org.jetbrains.kotlin.resolve.scopes.SyntheticScope$Default::getSyntheticExtensionProperties (25 bytes)
Event: 21.083 Thread 0x000000001a005800 nmethod 11284 0x0000000005f28d10 code [0x0000000005f28fe0, 0x0000000005f2a0d8]
Event: 21.083 Thread 0x000000001a005800 11283       3       kotlin.collections.IntIterator::next (8 bytes)
Event: 21.083 Thread 0x000000001a005800 nmethod 11283 0x0000000005f2ac10 code [0x0000000005f2ada0, 0x0000000005f2b228]
Event: 21.084 Thread 0x000000001a005800 11285       3       org.jetbrains.kotlin.resolve.calls.inference.components.TypeVariableDependencyInformationProvider::getPostponeEdges (26 bytes)

GC Heap History (10 events):
Event: 14.851 GC heap before
{Heap before GC invocations=30 (full 1):
 PSYoungGen      total 680960K, used 670001K [0x00000000d5580000, 0x00000000fff80000, 0x0000000100000000)
  eden space 663552K, 100% used [0x00000000d5580000,0x00000000fdd80000,0x00000000fdd80000)
  from space 17408K, 37% used [0x00000000fee80000,0x00000000ff4cc680,0x00000000fff80000)
  to   space 17408K, 0% used [0x00000000fdd80000,0x00000000fdd80000,0x00000000fee80000)
 ParOldGen       total 101888K, used 47429K [0x0000000080000000, 0x0000000086380000, 0x00000000d5580000)
  object space 101888K, 46% used [0x0000000080000000,0x0000000082e51750,0x0000000086380000)
 Metaspace       used 33857K, capacity 35122K, committed 35456K, reserved 1079296K
  class space    used 4593K, capacity 4883K, committed 4992K, reserved 1048576K
Event: 14.858 GC heap after
Heap after GC invocations=30 (full 1):
 PSYoungGen      total 680960K, used 6801K [0x00000000d5580000, 0x00000000fff00000, 0x0000000100000000)
  eden space 663552K, 0% used [0x00000000d5580000,0x00000000d5580000,0x00000000fdd80000)
  from space 17408K, 39% used [0x00000000fdd80000,0x00000000fe4244a8,0x00000000fee80000)
  to   space 16896K, 0% used [0x00000000fee80000,0x00000000fee80000,0x00000000fff00000)
 ParOldGen       total 101888K, used 47878K [0x0000000080000000, 0x0000000086380000, 0x00000000d5580000)
  object space 101888K, 46% used [0x0000000080000000,0x0000000082ec1bc8,0x0000000086380000)
 Metaspace       used 33857K, capacity 35122K, committed 35456K, reserved 1079296K
  class space    used 4593K, capacity 4883K, committed 4992K, reserved 1048576K
}
Event: 15.333 GC heap before
{Heap before GC invocations=31 (full 1):
 PSYoungGen      total 680960K, used 573426K [0x00000000d5580000, 0x00000000fff00000, 0x0000000100000000)
  eden space 663552K, 85% used [0x00000000d5580000,0x00000000f7ed8518,0x00000000fdd80000)
  from space 17408K, 39% used [0x00000000fdd80000,0x00000000fe4244a8,0x00000000fee80000)
  to   space 16896K, 0% used [0x00000000fee80000,0x00000000fee80000,0x00000000fff00000)
 ParOldGen       total 101888K, used 47878K [0x0000000080000000, 0x0000000086380000, 0x00000000d5580000)
  object space 101888K, 46% used [0x0000000080000000,0x0000000082ec1bc8,0x0000000086380000)
 Metaspace       used 34040K, capacity 35250K, committed 35456K, reserved 1079296K
  class space    used 4611K, capacity 4883K, committed 4992K, reserved 1048576K
Event: 15.337 GC heap after
Heap after GC invocations=31 (full 1):
 PSYoungGen      total 680960K, used 8418K [0x00000000d5580000, 0x00000000ffe80000, 0x0000000100000000)
  eden space 664576K, 0% used [0x00000000d5580000,0x00000000d5580000,0x00000000fde80000)
  from space 16384K, 51% used [0x00000000fee80000,0x00000000ff6b8988,0x00000000ffe80000)
  to   space 16384K, 0% used [0x00000000fde80000,0x00000000fde80000,0x00000000fee80000)
 ParOldGen       total 101888K, used 48285K [0x0000000080000000, 0x0000000086380000, 0x00000000d5580000)
  object space 101888K, 47% used [0x0000000080000000,0x0000000082f27740,0x0000000086380000)
 Metaspace       used 34040K, capacity 35250K, committed 35456K, reserved 1079296K
  class space    used 4611K, capacity 4883K, committed 4992K, reserved 1048576K
}
Event: 15.338 GC heap before
{Heap before GC invocations=32 (full 2):
 PSYoungGen      total 680960K, used 8418K [0x00000000d5580000, 0x00000000ffe80000, 0x0000000100000000)
  eden space 664576K, 0% used [0x00000000d5580000,0x00000000d5580000,0x00000000fde80000)
  from space 16384K, 51% used [0x00000000fee80000,0x00000000ff6b8988,0x00000000ffe80000)
  to   space 16384K, 0% used [0x00000000fde80000,0x00000000fde80000,0x00000000fee80000)
 ParOldGen       total 101888K, used 48285K [0x0000000080000000, 0x0000000086380000, 0x00000000d5580000)
  object space 101888K, 47% used [0x0000000080000000,0x0000000082f27740,0x0000000086380000)
 Metaspace       used 34040K, capacity 35250K, committed 35456K, reserved 1079296K
  class space    used 4611K, capacity 4883K, committed 4992K, reserved 1048576K
Event: 15.369 GC heap after
Heap after GC invocations=32 (full 2):
 PSYoungGen      total 680960K, used 0K [0x00000000d5580000, 0x00000000ffe80000, 0x0000000100000000)
  eden space 664576K, 0% used [0x00000000d5580000,0x00000000d5580000,0x00000000fde80000)
  from space 16384K, 0% used [0x00000000fee80000,0x00000000fee80000,0x00000000ffe80000)
  to   space 16384K, 0% used [0x00000000fde80000,0x00000000fde80000,0x00000000fee80000)
 ParOldGen       total 148992K, used 18650K [0x0000000080000000, 0x0000000089180000, 0x00000000d5580000)
  object space 148992K, 12% used [0x0000000080000000,0x0000000081236b68,0x0000000089180000)
 Metaspace       used 34040K, capacity 35250K, committed 35456K, reserved 1079296K
  class space    used 4611K, capacity 4883K, committed 4992K, reserved 1048576K
}
Event: 17.532 GC heap before
{Heap before GC invocations=33 (full 2):
 PSYoungGen      total 680960K, used 527855K [0x00000000d5580000, 0x00000000ffe80000, 0x0000000100000000)
  eden space 664576K, 79% used [0x00000000d5580000,0x00000000f58fbf60,0x00000000fde80000)
  from space 16384K, 0% used [0x00000000fee80000,0x00000000fee80000,0x00000000ffe80000)
  to   space 16384K, 0% used [0x00000000fde80000,0x00000000fde80000,0x00000000fee80000)
 ParOldGen       total 148992K, used 18650K [0x0000000080000000, 0x0000000089180000, 0x00000000d5580000)
  object space 148992K, 12% used [0x0000000080000000,0x0000000081236b68,0x0000000089180000)
 Metaspace       used 57340K, capacity 58864K, committed 59096K, reserved 1099776K
  class space    used 7702K, capacity 8062K, committed 8064K, reserved 1048576K
Event: 17.568 GC heap after
Heap after GC invocations=33 (full 2):
 PSYoungGen      total 680960K, used 16377K [0x00000000d5580000, 0x0000000100000000, 0x0000000100000000)
  eden space 664576K, 0% used [0x00000000d5580000,0x00000000d5580000,0x00000000fde80000)
  from space 16384K, 99% used [0x00000000fde80000,0x00000000fee7e7e8,0x00000000fee80000)
  to   space 17920K, 0% used [0x00000000fee80000,0x00000000fee80000,0x0000000100000000)
 ParOldGen       total 148992K, used 69637K [0x0000000080000000, 0x0000000089180000, 0x00000000d5580000)
  object space 148992K, 46% used [0x0000000080000000,0x00000000844017f0,0x0000000089180000)
 Metaspace       used 57340K, capacity 58864K, committed 59096K, reserved 1099776K
  class space    used 7702K, capacity 8062K, committed 8064K, reserved 1048576K
}
Event: 17.568 GC heap before
{Heap before GC invocations=34 (full 3):
 PSYoungGen      total 680960K, used 16377K [0x00000000d5580000, 0x0000000100000000, 0x0000000100000000)
  eden space 664576K, 0% used [0x00000000d5580000,0x00000000d5580000,0x00000000fde80000)
  from space 16384K, 99% used [0x00000000fde80000,0x00000000fee7e7e8,0x00000000fee80000)
  to   space 17920K, 0% used [0x00000000fee80000,0x00000000fee80000,0x0000000100000000)
 ParOldGen       total 148992K, used 69637K [0x0000000080000000, 0x0000000089180000, 0x00000000d5580000)
  object space 148992K, 46% used [0x0000000080000000,0x00000000844017f0,0x0000000089180000)
 Metaspace       used 57340K, capacity 58864K, committed 59096K, reserved 1099776K
  class space    used 7702K, capacity 8062K, committed 8064K, reserved 1048576K
Event: 17.716 GC heap after
Heap after GC invocations=34 (full 3):
 PSYoungGen      total 680960K, used 0K [0x00000000d5580000, 0x0000000100000000, 0x0000000100000000)
  eden space 664576K, 0% used [0x00000000d5580000,0x00000000d5580000,0x00000000fde80000)
  from space 16384K, 0% used [0x00000000fde80000,0x00000000fde80000,0x00000000fee80000)
  to   space 17920K, 0% used [0x00000000fee80000,0x00000000fee80000,0x0000000100000000)
 ParOldGen       total 277504K, used 78100K [0x0000000080000000, 0x0000000090f00000, 0x00000000d5580000)
  object space 277504K, 28% used [0x0000000080000000,0x0000000084c45158,0x0000000090f00000)
 Metaspace       used 57340K, capacity 58864K, committed 59096K, reserved 1099776K
  class space    used 7702K, capacity 8062K, committed 8064K, reserved 1048576K
}

Deoptimization events (10 events):
Event: 20.899 Thread 0x000000001d8a0000 Uncommon trap: reason=class_check action=maybe_recompile pc=0x0000000004b42000 method=org.jetbrains.kotlin.descriptors.ScopesHolderForClass.getScope(Lorg/jetbrains/kotlin/types/checker/KotlinTypeRefiner;)Lorg/jetbrains/kotlin/resolve/scopes/MemberScope; @
Event: 20.899 Thread 0x000000001d8a0000 Uncommon trap: reason=class_check action=maybe_recompile pc=0x0000000004b42000 method=org.jetbrains.kotlin.descriptors.ScopesHolderForClass.getScope(Lorg/jetbrains/kotlin/types/checker/KotlinTypeRefiner;)Lorg/jetbrains/kotlin/resolve/scopes/MemberScope; @
Event: 20.930 Thread 0x000000001d8a0000 Uncommon trap: reason=class_check action=maybe_recompile pc=0x0000000005e2e7d0 method=org.jetbrains.kotlin.descriptors.impl.ValueParameterDescriptorImpl.getContainingDeclaration()Lorg/jetbrains/kotlin/descriptors/DeclarationDescriptor; @ 4
Event: 20.930 Thread 0x000000001d8a0000 Uncommon trap: reason=class_check action=maybe_recompile pc=0x0000000005e2e7d0 method=org.jetbrains.kotlin.descriptors.impl.ValueParameterDescriptorImpl.getContainingDeclaration()Lorg/jetbrains/kotlin/descriptors/DeclarationDescriptor; @ 4
Event: 20.930 Thread 0x000000001d8a0000 Uncommon trap: reason=class_check action=maybe_recompile pc=0x0000000005e2e7d0 method=org.jetbrains.kotlin.descriptors.impl.ValueParameterDescriptorImpl.getContainingDeclaration()Lorg/jetbrains/kotlin/descriptors/DeclarationDescriptor; @ 4
Event: 20.931 Thread 0x000000001d8a0000 Uncommon trap: reason=class_check action=maybe_recompile pc=0x0000000005e2e7d0 method=org.jetbrains.kotlin.descriptors.impl.ValueParameterDescriptorImpl.getContainingDeclaration()Lorg/jetbrains/kotlin/descriptors/DeclarationDescriptor; @ 4
Event: 20.940 Thread 0x000000001d8a0000 Uncommon trap: reason=class_check action=maybe_recompile pc=0x0000000005e2fb48 method=org.jetbrains.kotlin.types.AbstractNullabilityChecker.runIsPossibleSubtype(Lorg/jetbrains/kotlin/types/AbstractTypeCheckerContext;Lorg/jetbrains/kotlin/types/model/Simpl
Event: 20.940 Thread 0x000000001d8a0000 Uncommon trap: reason=class_check action=maybe_recompile pc=0x0000000005e2fb48 method=org.jetbrains.kotlin.types.AbstractNullabilityChecker.runIsPossibleSubtype(Lorg/jetbrains/kotlin/types/AbstractTypeCheckerContext;Lorg/jetbrains/kotlin/types/model/Simpl
Event: 20.962 Thread 0x000000001d8a0000 Uncommon trap: reason=class_check action=maybe_recompile pc=0x0000000005e2fb48 method=org.jetbrains.kotlin.types.AbstractNullabilityChecker.runIsPossibleSubtype(Lorg/jetbrains/kotlin/types/AbstractTypeCheckerContext;Lorg/jetbrains/kotlin/types/model/Simpl
Event: 20.962 Thread 0x000000001d8a0000 Uncommon trap: reason=class_check action=maybe_recompile pc=0x0000000005e2fb48 method=org.jetbrains.kotlin.types.AbstractNullabilityChecker.runIsPossibleSubtype(Lorg/jetbrains/kotlin/types/AbstractTypeCheckerContext;Lorg/jetbrains/kotlin/types/model/Simpl

Classes redefined (0 events):
No events

Internal exceptions (10 events):
Event: 18.116 Thread 0x000000001d8a0000 Exception <a 'java/lang/NoSuchMethodError': java.lang.Object.lambda$static$55()Lorg/jetbrains/kotlin/com/intellij/lang/ASTNode;> (0x00000000db182108) thrown at [C:\re\workspace\8-2-build-windows-amd64-cygwin\jdk8u202\12323\hotspot\src\share\vm\interpreter
Event: 18.116 Thread 0x000000001d8a0000 Exception <a 'java/lang/NoSuchMethodError': java.lang.Object.lambda$static$56()Lorg/jetbrains/kotlin/com/intellij/lang/ASTNode;> (0x00000000db185e48) thrown at [C:\re\workspace\8-2-build-windows-amd64-cygwin\jdk8u202\12323\hotspot\src\share\vm\interpreter
Event: 18.116 Thread 0x000000001d8a0000 Exception <a 'java/lang/NoSuchMethodError': java.lang.Object.lambda$static$57()Lorg/jetbrains/kotlin/com/intellij/lang/ASTNode;> (0x00000000db189b80) thrown at [C:\re\workspace\8-2-build-windows-amd64-cygwin\jdk8u202\12323\hotspot\src\share\vm\interpreter
Event: 18.177 Thread 0x000000001d8a0000 Exception <a 'java/lang/NoSuchMethodError': java.lang.Object.lambda$static$0(I)[Lorg/jetbrains/kotlin/com/intellij/psi/PsiReference;> (0x00000000db9645e0) thrown at [C:\re\workspace\8-2-build-windows-amd64-cygwin\jdk8u202\12323\hotspot\src\share\vm\interp
Event: 18.181 Thread 0x000000001d8a0000 Exception <a 'java/lang/NoSuchMethodError': java.lang.Object.lambda$static$0(I)[Lorg/jetbrains/kotlin/com/intellij/psi/PsiTypeElement;> (0x00000000dba0a618) thrown at [C:\re\workspace\8-2-build-windows-amd64-cygwin\jdk8u202\12323\hotspot\src\share\vm\inte
Event: 18.187 Thread 0x000000001d8a0000 Exception <a 'java/lang/NoSuchMethodError': java.lang.Object.lambda$static$0(I)[Lorg/jetbrains/kotlin/com/intellij/psi/PsiTypeParameter;> (0x00000000dbb374b8) thrown at [C:\re\workspace\8-2-build-windows-amd64-cygwin\jdk8u202\12323\hotspot\src\share\vm\in
Event: 19.306 Thread 0x000000001d8a0000 Implicit null exception at 0x000000000512af77 to 0x000000000512b488
Event: 19.493 Thread 0x000000001d8a0000 Implicit null exception at 0x00000000047f7430 to 0x00000000047f7495
Event: 19.583 Thread 0x000000001d8a0000 Implicit null exception at 0x0000000003d5057e to 0x0000000003d50989
Event: 19.846 Thread 0x000000001d8a0000 Implicit null exception at 0x000000000533f74c to 0x000000000533f791

Events (10 events):
Event: 21.008 Executing VM operation: ForceSafepoint
Event: 21.008 Executing VM operation: ForceSafepoint done
Event: 21.011 Thread 0x000000001d8a0000 DEOPT PACKING pc=0x0000000004689e36 sp=0x000000001ef45830
Event: 21.011 Thread 0x000000001d8a0000 DEOPT UNPACKING pc=0x0000000003687890 sp=0x000000001ef45568 mode 0
Event: 21.018 loading class org/jetbrains/kotlin/resolve/VisibilityUtilKt
Event: 21.018 loading class org/jetbrains/kotlin/resolve/VisibilityUtilKt done
Event: 21.018 loading class org/jetbrains/kotlin/resolve/OverridingUtil$6
Event: 21.018 loading class org/jetbrains/kotlin/resolve/OverridingUtil$6 done
Event: 21.019 loading class org/jetbrains/kotlin/resolve/OverridingUtil$7
Event: 21.019 loading class org/jetbrains/kotlin/resolve/OverridingUtil$7 done


Dynamic libraries:
0x00007ff65e780000 - 0x00007ff65e7b7000 	D:\JDK8\bin\java.exe
0x00007ff8fa400000 - 0x00007ff8fa668000 	C:\WINDOWS\SYSTEM32\ntdll.dll
0x00007ff8f96e0000 - 0x00007ff8f97a9000 	C:\WINDOWS\System32\KERNEL32.DLL
0x00007ff8f7b90000 - 0x00007ff8f7f82000 	C:\WINDOWS\System32\KERNELBASE.dll
0x00007ff8fa300000 - 0x00007ff8fa3b4000 	C:\WINDOWS\System32\ADVAPI32.dll
0x00007ff8f94e0000 - 0x00007ff8f9589000 	C:\WINDOWS\System32\msvcrt.dll
0x00007ff8f9200000 - 0x00007ff8f92a6000 	C:\WINDOWS\System32\sechost.dll
0x00007ff8f9be0000 - 0x00007ff8f9cf8000 	C:\WINDOWS\System32\RPCRT4.dll
0x00007ff8f8920000 - 0x00007ff8f8ae5000 	C:\WINDOWS\System32\USER32.dll
0x00007ff8f7f90000 - 0x00007ff8f7fb7000 	C:\WINDOWS\System32\win32u.dll
0x00007ff8f92b0000 - 0x00007ff8f92db000 	C:\WINDOWS\System32\GDI32.dll
0x00007ff8f7630000 - 0x00007ff8f775d000 	C:\WINDOWS\System32\gdi32full.dll
0x00007ff8f78b0000 - 0x00007ff8f7953000 	C:\WINDOWS\System32\msvcp_win.dll
0x00007ff8f7760000 - 0x00007ff8f78ab000 	C:\WINDOWS\System32\ucrtbase.dll
0x00007ff8f6730000 - 0x00007ff8f69c3000 	C:\WINDOWS\WinSxS\amd64_microsoft.windows.common-controls_6595b64144ccf1df_6.0.26100.6899_none_3e0efeeae32e88c1\COMCTL32.dll
0x00007ff8f9aa0000 - 0x00007ff8f9acf000 	C:\WINDOWS\System32\IMM32.DLL
0x000000005d770000 - 0x000000005d842000 	D:\JDK8\jre\bin\msvcr100.dll
0x000000005c240000 - 0x000000005cae5000 	D:\JDK8\jre\bin\server\jvm.dll
0x00007ff8f91f0000 - 0x00007ff8f91f8000 	C:\WINDOWS\System32\PSAPI.DLL
0x00007ff8bb370000 - 0x00007ff8bb37a000 	C:\WINDOWS\SYSTEM32\WSOCK32.dll
0x00007ff8ee190000 - 0x00007ff8ee19b000 	C:\WINDOWS\SYSTEM32\VERSION.dll
0x00007ff8e14a0000 - 0x00007ff8e14d5000 	C:\WINDOWS\SYSTEM32\WINMM.dll
0x00007ff8f9da0000 - 0x00007ff8f9e14000 	C:\WINDOWS\System32\WS2_32.dll
0x00007ff8f1600000 - 0x00007ff8f160f000 	D:\JDK8\jre\bin\verify.dll
0x00007ff8ca3b0000 - 0x00007ff8ca3d9000 	D:\JDK8\jre\bin\java.dll
0x00007ff8f15e0000 - 0x00007ff8f15f6000 	D:\JDK8\jre\bin\zip.dll
0x00007ff8f81d0000 - 0x00007ff8f891d000 	C:\WINDOWS\System32\SHELL32.dll
0x00007ff8f7960000 - 0x00007ff8f7acb000 	C:\WINDOWS\System32\wintypes.dll
0x00007ff8f9e80000 - 0x00007ff8fa1fb000 	C:\WINDOWS\System32\combase.dll
0x00007ff8f48a0000 - 0x00007ff8f50fd000 	C:\WINDOWS\SYSTEM32\windows.storage.dll
0x00007ff8f97b0000 - 0x00007ff8f98a2000 	C:\WINDOWS\System32\SHCORE.dll
0x00007ff8fa210000 - 0x00007ff8fa272000 	C:\WINDOWS\System32\shlwapi.dll
0x00007ff8f74b0000 - 0x00007ff8f74d9000 	C:\WINDOWS\SYSTEM32\profapi.dll
0x00007ff8b4ee0000 - 0x00007ff8b4efa000 	D:\JDK8\jre\bin\net.dll
0x00007ff8e4820000 - 0x00007ff8e4a00000 	C:\WINDOWS\SYSTEM32\urlmon.dll
0x00007ff8e4550000 - 0x00007ff8e4815000 	C:\WINDOWS\SYSTEM32\iertutil.dll
0x00007ff8f53a0000 - 0x00007ff8f53ad000 	C:\WINDOWS\SYSTEM32\netutils.dll
0x00007ff8e4520000 - 0x00007ff8e4549000 	C:\WINDOWS\SYSTEM32\srvcli.dll
0x00007ff8f5fd0000 - 0x00007ff8f603b000 	C:\WINDOWS\system32\mswsock.dll
0x00007ff8b4ec0000 - 0x00007ff8b4ed2000 	D:\JDK8\jre\bin\nio.dll
0x00007ff8be580000 - 0x00007ff8be5a7000 	C:\Users\wudel\.gradle\native\e1d6ef7f7dcc3fd88c89a11ec53ec762bb8ba0a96d01ffa2cd45eb1d1d8dd5c5\windows-amd64\native-platform.dll
0x00007ff870120000 - 0x00007ff870264000 	C:\Users\wudel\.gradle\native\5664cfc778a61ccfe75a443a1ab52a65af34e5dc3c78e0209fed803814484fcb\windows-amd64\native-platform-file-events.dll
0x00007ff8db9b0000 - 0x00007ff8db9bd000 	D:\JDK8\jre\bin\management.dll
0x00007ff8f71e0000 - 0x00007ff8f71fb000 	C:\WINDOWS\SYSTEM32\CRYPTSP.dll
0x00007ff8f62f0000 - 0x00007ff8f632b000 	C:\WINDOWS\system32\rsaenh.dll
0x00007ff8f6040000 - 0x00007ff8f606b000 	C:\WINDOWS\SYSTEM32\USERENV.dll
0x00007ff8f7480000 - 0x00007ff8f74a6000 	C:\WINDOWS\SYSTEM32\bcrypt.dll
0x00007ff8f7590000 - 0x00007ff8f7628000 	C:\WINDOWS\System32\bcryptprimitives.dll
0x00007ff8f62a0000 - 0x00007ff8f62ac000 	C:\WINDOWS\SYSTEM32\CRYPTBASE.dll
0x00007ff8f54f0000 - 0x00007ff8f5524000 	C:\WINDOWS\SYSTEM32\IPHLPAPI.DLL
0x00007ff8f9d10000 - 0x00007ff8f9d1a000 	C:\WINDOWS\System32\NSI.dll
0x00007ff8efb80000 - 0x00007ff8efb9e000 	C:\WINDOWS\SYSTEM32\dhcpcsvc6.DLL
0x00007ff8efb50000 - 0x00007ff8efb73000 	C:\WINDOWS\SYSTEM32\dhcpcsvc.DLL
0x00007ff8f5530000 - 0x00007ff8f5656000 	C:\WINDOWS\SYSTEM32\DNSAPI.dll

VM Arguments:
jvm_args: -Xmx2048m -Dfile.encoding=UTF-8 -Duser.country=CN -Duser.language=zh -Duser.variant 
java_command: org.gradle.launcher.daemon.bootstrap.GradleDaemon 7.2
java_class_path (initial): C:\Users\wudel\.gradle\wrapper\dists\gradle-7.2-bin\2dnblmf4td7x66yl1d74lt32g\gradle-7.2\lib\gradle-launcher-7.2.jar
Launcher Type: SUN_STANDARD

Environment Variables:
JAVA_HOME=D:\JDK8
USERNAME=Bqxxm
SHELL=D:\Git\usr\bin\bash.exe
DISPLAY=needs-to-be-defined
OS=Windows_NT
PROCESSOR_IDENTIFIER=Intel64 Family 6 Model 165 Stepping 2, GenuineIntel



---------------  S Y S T E M  ---------------

OS: Windows 10.0 , 64 bit Build 26100 (10.0.26100.6725)

CPU:total 12 (initial active 12) (6 cores per cpu, 2 threads per core) family 6 model 165 stepping 2, cmov, cx8, fxsr, mmx, sse, sse2, sse3, ssse3, sse4.1, sse4.2, popcnt, avx, avx2, aes, clmul, erms, 3dnowpref, lzcnt, ht, tsc, tscinvbit, bmi1, bmi2, adx

Memory: 4k page, physical 16565952k(1110536k free), swap 27467380k(5132k free)

vm_info: Java HotSpot(TM) 64-Bit Server VM (25.202-b08) for windows-amd64 JRE (1.8.0_202-b08), built on Dec 15 2018 19:54:30 by "java_re" with MS VC++ 10.0 (VS2010)

time: Thu Oct 23 11:43:43 2025
timezone: 中国标准时间
elapsed time: 21 seconds (0d 0h 0m 21s)

